<?xml version="1.0" encoding="UTF-8"?>
<coverage generated="1678972673773" clover="3.2.0">
  <project timestamp="1678972673774" name="All files">
    <metrics statements="17" coveredstatements="16" conditionals="4" coveredconditionals="3" methods="11" coveredmethods="11" elements="32" coveredelements="30" complexity="0" loc="17" ncloc="17" packages="1" files="4" classes="4"/>
    <file name="calculator.js" path="/home/tjay/Microverse projects/jest-tests/calculator.js">
      <metrics statements="8" coveredstatements="8" conditionals="0" coveredconditionals="0" methods="8" coveredmethods="8"/>
      <line num="3" count="1" type="stmt"/>
      <line num="6" count="1" type="stmt"/>
      <line num="9" count="1" type="stmt"/>
      <line num="12" count="1" type="stmt"/>
      <line num="15" count="1" type="stmt"/>
      <line num="16" count="1" type="stmt"/>
      <line num="17" count="1" type="stmt"/>
      <line num="18" count="1" type="stmt"/>
    </file>
    <file name="capitalize.js" path="/home/tjay/Microverse projects/jest-tests/capitalize.js">
      <metrics statements="2" coveredstatements="2" conditionals="0" coveredconditionals="0" methods="1" coveredmethods="1"/>
      <line num="2" count="1" type="stmt"/>
      <line num="4" count="1" type="stmt"/>
    </file>
    <file name="length.js" path="/home/tjay/Microverse projects/jest-tests/length.js">
      <metrics statements="4" coveredstatements="3" conditionals="4" coveredconditionals="3" methods="1" coveredmethods="1"/>
      <line num="2" count="1" type="cond" truecount="3" falsecount="1"/>
      <line num="3" count="1" type="stmt"/>
      <line num="5" count="0" type="stmt"/>
      <line num="7" count="1" type="stmt"/>
    </file>
    <file name="reverse.js" path="/home/tjay/Microverse projects/jest-tests/reverse.js">
      <metrics statements="3" coveredstatements="3" conditionals="0" coveredconditionals="0" methods="1" coveredmethods="1"/>
      <line num="2" count="1" type="stmt"/>
      <line num="3" count="1" type="stmt"/>
      <line num="5" count="1" type="stmt"/>
    </file>
  </project>
</coverage>
